<?xml version="1.0" encoding="UTF-8"?>
<testng-results skipped="0" failed="1" ignored="2" total="6" passed="3">
  <reporter-output>
  </reporter-output>
  <suite name="Suite" duration-ms="24694" started-at="2018-04-11T13:39:49Z" finished-at="2018-04-11T13:40:13Z">
    <groups>
    </groups>
    <test name="chrome" duration-ms="24694" started-at="2018-04-11T13:39:49Z" finished-at="2018-04-11T13:40:13Z">
      <class name="com.tailorMan.testCase.LoginTestCase">
        <test-method status="PASS" signature="openBrowser(java.lang.String)[pri:0, instance:com.tailorMan.testCase.LoginTestCase@1563da5]" name="openBrowser" is-config="true" duration-ms="4868" started-at="2018-04-11T13:39:44Z" finished-at="2018-04-11T13:39:49Z">
          <params>
            <param index="0">
              <value>
                <![CDATA[chrome]]>
              </value>
            </param>
          </params>
          <reporter-output>
          </reporter-output>
        </test-method> <!-- openBrowser -->
        <test-method status="PASS" signature="openTailorManStore()[pri:1, instance:com.tailorMan.testCase.LoginTestCase@1563da5]" name="openTailorManStore" duration-ms="11400" started-at="2018-04-11T13:39:49Z" finished-at="2018-04-11T13:40:00Z">
          <reporter-output>
          </reporter-output>
        </test-method> <!-- openTailorManStore -->
        <test-method status="PASS" signature="startMethod(org.testng.ITestResult)[pri:0, instance:com.tailorMan.testCase.LoginTestCase@1563da5]" name="startMethod" is-config="true" duration-ms="107" started-at="2018-04-11T13:40:00Z" finished-at="2018-04-11T13:40:00Z">
          <params>
            <param index="0">
              <value>
                <![CDATA[[TestResult name=openTailorManStore status=SUCCESS method=LoginTestCase.openTailorManStore()[pri:1, instance:com.tailorMan.testCase.LoginTestCase@1563da5] output={null}]]]>
              </value>
            </param>
          </params>
          <reporter-output>
          </reporter-output>
        </test-method> <!-- startMethod -->
        <test-method status="PASS" signature="varifyTailorManStoreTitle()[pri:2, instance:com.tailorMan.testCase.LoginTestCase@1563da5]" name="varifyTailorManStoreTitle" duration-ms="15" started-at="2018-04-11T13:40:00Z" finished-at="2018-04-11T13:40:00Z">
          <reporter-output>
          </reporter-output>
        </test-method> <!-- varifyTailorManStoreTitle -->
        <test-method status="PASS" signature="startMethod(org.testng.ITestResult)[pri:0, instance:com.tailorMan.testCase.LoginTestCase@1563da5]" name="startMethod" is-config="true" duration-ms="0" started-at="2018-04-11T13:40:00Z" finished-at="2018-04-11T13:40:00Z">
          <params>
            <param index="0">
              <value>
                <![CDATA[[TestResult name=varifyTailorManStoreTitle status=SUCCESS method=LoginTestCase.varifyTailorManStoreTitle()[pri:2, instance:com.tailorMan.testCase.LoginTestCase@1563da5] output={null}]]]>
              </value>
            </param>
          </params>
          <reporter-output>
          </reporter-output>
        </test-method> <!-- startMethod -->
        <test-method status="PASS" signature="verifyLogin()[pri:3, instance:com.tailorMan.testCase.LoginTestCase@1563da5]" name="verifyLogin" duration-ms="12132" started-at="2018-04-11T13:40:00Z" finished-at="2018-04-11T13:40:12Z">
          <reporter-output>
          </reporter-output>
        </test-method> <!-- verifyLogin -->
        <test-method status="PASS" signature="startMethod(org.testng.ITestResult)[pri:0, instance:com.tailorMan.testCase.LoginTestCase@1563da5]" name="startMethod" is-config="true" duration-ms="1" started-at="2018-04-11T13:40:12Z" finished-at="2018-04-11T13:40:12Z">
          <params>
            <param index="0">
              <value>
                <![CDATA[[TestResult name=verifyLogin status=SUCCESS method=LoginTestCase.verifyLogin()[pri:3, instance:com.tailorMan.testCase.LoginTestCase@1563da5] output={null}]]]>
              </value>
            </param>
          </params>
          <reporter-output>
          </reporter-output>
        </test-method> <!-- startMethod -->
        <test-method status="PASS" signature="endSuite()[pri:0, instance:com.tailorMan.testCase.LoginTestCase@1563da5]" name="endSuite" is-config="true" duration-ms="2156" started-at="2018-04-11T13:40:13Z" finished-at="2018-04-11T13:40:16Z">
          <reporter-output>
          </reporter-output>
        </test-method> <!-- endSuite -->
      </class> <!-- com.tailorMan.testCase.LoginTestCase -->
      <class name="com.tailorMan.testCase.StoreHomePageTestCase">
        <test-method status="FAIL" signature="VerifyTextOnStoreHomePage()[pri:4, instance:com.tailorMan.testCase.StoreHomePageTestCase@2bbf4b8b]" name="VerifyTextOnStoreHomePage" duration-ms="627" started-at="2018-04-11T13:40:12Z" finished-at="2018-04-11T13:40:13Z">
          <exception class="org.openqa.selenium.InvalidSelectorException">
            <message>
              <![CDATA[invalid selector: Compound class names not permitted
  (Session info: chrome=65.0.3325.181)
  (Driver info: chromedriver=2.36.540470 (e522d04694c7ebea4ba8821272dbef4f9b818c91),platform=Windows NT 10.0.16299 x86_64) (WARNING: The server did not provide any stacktrace information)
Command duration or timeout: 0 milliseconds
For documentation on this error, please visit: http://seleniumhq.org/exceptions/invalid_selector_exception.html
Build info: version: '3.8.1', revision: '6e95a6684b', time: '2017-12-01T18:33:54.468Z'
System info: host: 'WALKINGTREE-PC', ip: '192.168.1.172', os.name: 'Windows 10', os.arch: 'amd64', os.version: '10.0', java.version: '1.8.0_131'
Driver info: org.openqa.selenium.chrome.ChromeDriver
Capabilities {acceptInsecureCerts: false, acceptSslCerts: false, applicationCacheEnabled: false, browserConnectionEnabled: false, browserName: chrome, chrome: {chromedriverVersion: 2.36.540470 (e522d04694c7eb..., userDataDir: C:\Users\WALKIN~1\AppData\L...}, cssSelectorsEnabled: true, databaseEnabled: false, handlesAlerts: true, hasTouchScreen: false, javascriptEnabled: true, locationContextEnabled: true, mobileEmulationEnabled: false, nativeEvents: true, networkConnectionEnabled: false, pageLoadStrategy: normal, platform: XP, platformName: XP, rotatable: false, setWindowRect: true, takesHeapSnapshot: true, takesScreenshot: true, unexpectedAlertBehaviour: , unhandledPromptBehavior: , version: 65.0.3325.181, webStorageEnabled: true}
Session ID: 995ff9720d016287690c5262b6727e37
*** Element info: {Using=class name, value=logo active}]]>
            </message>
            <full-stacktrace>
              <![CDATA[org.openqa.selenium.InvalidSelectorException: invalid selector: Compound class names not permitted
  (Session info: chrome=65.0.3325.181)
  (Driver info: chromedriver=2.36.540470 (e522d04694c7ebea4ba8821272dbef4f9b818c91),platform=Windows NT 10.0.16299 x86_64) (WARNING: The server did not provide any stacktrace information)
Command duration or timeout: 0 milliseconds
For documentation on this error, please visit: http://seleniumhq.org/exceptions/invalid_selector_exception.html
Build info: version: '3.8.1', revision: '6e95a6684b', time: '2017-12-01T18:33:54.468Z'
System info: host: 'WALKINGTREE-PC', ip: '192.168.1.172', os.name: 'Windows 10', os.arch: 'amd64', os.version: '10.0', java.version: '1.8.0_131'
Driver info: org.openqa.selenium.chrome.ChromeDriver
Capabilities {acceptInsecureCerts: false, acceptSslCerts: false, applicationCacheEnabled: false, browserConnectionEnabled: false, browserName: chrome, chrome: {chromedriverVersion: 2.36.540470 (e522d04694c7eb..., userDataDir: C:\Users\WALKIN~1\AppData\L...}, cssSelectorsEnabled: true, databaseEnabled: false, handlesAlerts: true, hasTouchScreen: false, javascriptEnabled: true, locationContextEnabled: true, mobileEmulationEnabled: false, nativeEvents: true, networkConnectionEnabled: false, pageLoadStrategy: normal, platform: XP, platformName: XP, rotatable: false, setWindowRect: true, takesHeapSnapshot: true, takesScreenshot: true, unexpectedAlertBehaviour: , unhandledPromptBehavior: , version: 65.0.3325.181, webStorageEnabled: true}
Session ID: 995ff9720d016287690c5262b6727e37
*** Element info: {Using=class name, value=logo active}
at sun.reflect.NativeConstructorAccessorImpl.newInstance0(Native Method)
at sun.reflect.NativeConstructorAccessorImpl.newInstance(NativeConstructorAccessorImpl.java:62)
at sun.reflect.DelegatingConstructorAccessorImpl.newInstance(DelegatingConstructorAccessorImpl.java:45)
at java.lang.reflect.Constructor.newInstance(Constructor.java:423)
at org.openqa.selenium.remote.ErrorHandler.createThrowable(ErrorHandler.java:214)
at org.openqa.selenium.remote.ErrorHandler.throwIfResponseFailed(ErrorHandler.java:166)
at org.openqa.selenium.remote.http.JsonHttpResponseCodec.reconstructValue(JsonHttpResponseCodec.java:40)
at org.openqa.selenium.remote.http.AbstractHttpResponseCodec.decode(AbstractHttpResponseCodec.java:80)
at org.openqa.selenium.remote.http.AbstractHttpResponseCodec.decode(AbstractHttpResponseCodec.java:44)
at org.openqa.selenium.remote.HttpCommandExecutor.execute(HttpCommandExecutor.java:164)
at org.openqa.selenium.remote.service.DriverCommandExecutor.execute(DriverCommandExecutor.java:83)
at org.openqa.selenium.remote.RemoteWebDriver.execute(RemoteWebDriver.java:601)
at org.openqa.selenium.remote.RemoteWebDriver.findElements(RemoteWebDriver.java:398)
at org.openqa.selenium.remote.RemoteWebDriver.findElementsByClassName(RemoteWebDriver.java:461)
at org.openqa.selenium.By$ByClassName.findElements(By.java:383)
at org.openqa.selenium.remote.RemoteWebDriver.findElements(RemoteWebDriver.java:359)
at org.openqa.selenium.support.pagefactory.ByAll.findElements(ByAll.java:65)
at org.openqa.selenium.remote.RemoteWebDriver.findElements(RemoteWebDriver.java:359)
at org.openqa.selenium.support.pagefactory.DefaultElementLocator.findElements(DefaultElementLocator.java:85)
at org.openqa.selenium.support.pagefactory.internal.LocatingElementListHandler.invoke(LocatingElementListHandler.java:36)
at com.sun.proxy.$Proxy13.size(Unknown Source)
at com.tailorManStore.pages.StoreHomePage.verifyTailorManLogo(StoreHomePage.java:77)
at com.tailorMan.testCase.StoreHomePageTestCase.VerifyTextOnStoreHomePage(StoreHomePageTestCase.java:52)
at sun.reflect.NativeMethodAccessorImpl.invoke0(Native Method)
at sun.reflect.NativeMethodAccessorImpl.invoke(NativeMethodAccessorImpl.java:62)
at sun.reflect.DelegatingMethodAccessorImpl.invoke(DelegatingMethodAccessorImpl.java:43)
at java.lang.reflect.Method.invoke(Method.java:498)
at org.testng.internal.MethodInvocationHelper.invokeMethod(MethodInvocationHelper.java:124)
at org.testng.internal.Invoker.invokeMethod(Invoker.java:580)
at org.testng.internal.Invoker.invokeTestMethod(Invoker.java:716)
at org.testng.internal.Invoker.invokeTestMethods(Invoker.java:988)
at org.testng.internal.TestMethodWorker.invokeTestMethods(TestMethodWorker.java:125)
at org.testng.internal.TestMethodWorker.run(TestMethodWorker.java:109)
at org.testng.TestRunner.privateRun(TestRunner.java:648)
at org.testng.TestRunner.run(TestRunner.java:505)
at org.testng.SuiteRunner.runTest(SuiteRunner.java:455)
at org.testng.SuiteRunner.runSequentially(SuiteRunner.java:450)
at org.testng.SuiteRunner.privateRun(SuiteRunner.java:415)
at org.testng.SuiteRunner.run(SuiteRunner.java:364)
at org.testng.SuiteRunnerWorker.runSuite(SuiteRunnerWorker.java:52)
at org.testng.SuiteRunnerWorker.run(SuiteRunnerWorker.java:84)
at org.testng.TestNG.runSuitesSequentially(TestNG.java:1208)
at org.testng.TestNG.runSuitesLocally(TestNG.java:1137)
at org.testng.TestNG.runSuites(TestNG.java:1049)
at org.testng.TestNG.run(TestNG.java:1017)
at org.testng.remote.AbstractRemoteTestNG.run(AbstractRemoteTestNG.java:114)
at org.testng.remote.RemoteTestNG.initAndRun(RemoteTestNG.java:251)
at org.testng.remote.RemoteTestNG.main(RemoteTestNG.java:77)
]]>
            </full-stacktrace>
          </exception> <!-- org.openqa.selenium.InvalidSelectorException -->
          <reporter-output>
          </reporter-output>
        </test-method> <!-- VerifyTextOnStoreHomePage -->
        <test-method status="PASS" signature="startMethod(org.testng.ITestResult)[pri:0, instance:com.tailorMan.testCase.StoreHomePageTestCase@2bbf4b8b]" name="startMethod" is-config="true" duration-ms="370" started-at="2018-04-11T13:40:13Z" finished-at="2018-04-11T13:40:13Z">
          <params>
            <param index="0">
              <value>
                <![CDATA[[TestResult name=VerifyTextOnStoreHomePage status=FAILURE method=StoreHomePageTestCase.VerifyTextOnStoreHomePage()[pri:4, instance:com.tailorMan.testCase.StoreHomePageTestCase@2bbf4b8b] output={null}]]]>
              </value>
            </param>
          </params>
          <reporter-output>
          </reporter-output>
        </test-method> <!-- startMethod -->
      </class> <!-- com.tailorMan.testCase.StoreHomePageTestCase -->
    </test> <!-- chrome -->
  </suite> <!-- Suite -->
</testng-results>
